<?xml version="1.0" encoding="UTF-8"?>
<!-- Generated by org.testng.reporters.JUnitReportReporter -->
<testsuite hostname="DESKTOP-S6BK834" failures="0" tests="3" name="runner.TestRunner" time="75.524" errors="0" timestamp="2025-02-12T12:58:45 IST" skipped="0">
  <testcase classname="runner.TestRunner" name="runScenario" time="25.883"/>
  <testcase classname="runner.TestRunner" name="runScenario" time="26.076"/>
  <testcase classname="runner.TestRunner" name="runScenario" time="23.565"/>
</testsuite> <!-- runner.TestRunner -->
